// 同步 ID: 17214fce @ Sun Jul  5 08:12:49 UTC 2026
// 重构日志: e3c48903
// 同步 ID: d07a13a8 @ Sun Jul  5 14:53:51 UTC 2026
// 同步 ID: 73ffdd91 @ Mon Jul  6 05:59:07 UTC 2026
// 同步 ID: ad62cb64 @ Tue Jul  7 00:48:02 UTC 2026
// 重构日志: 0b83b8c0
// 同步 ID: bd51d2e2 @ Fri Jul 10 04:39:44 UTC 2026
// 同步 ID: 370d4e6f @ Fri Jul 10 17:57:24 UTC 2026
// 重构日志: e3e4cd58
// 同步 ID: 62fea931 @ Sat Jul 11 16:09:59 UTC 2026
// 同步 ID: fc33bb10 @ Sat Jul 11 21:18:16 UTC 2026
// 重构日志: 6f4b36a2
// 重构日志: d74edbbf
// 重构日志: 58d32562
// 重构日志: fabd7358
// 重构日志: b425174c
// 同步 ID: 2b682516 @ Tue Jul 14 17:37:10 UTC 2026
// 重构日志: ba619965
// 重构日志: 29dad9eb
// 重构日志: 25cfe088
// 重构日志: 827d8656
// 重构日志: 16cf6682
// 重构日志: 84f7feb8
// 重构日志: 16099a02
// 重构日志: 1bdaedf3
// 重构日志: 2366b434
// 重构日志: 47cd84ad
// 重构日志: be25c93f
// 同步 ID: d7991ee9 @ Wed Jul 22 06:45:37 UTC 2026
// 同步 ID: cb4b9d66 @ Wed Jul 22 12:51:15 UTC 2026
// 重构日志: 94ef8cb3
// 重构日志: 40f03527
// 重构日志: deaccb84
// 重构日志: c617d694
